
// File generated by darts version U-2022.12#3eec2545bc#230622, Thu Jan 16 15:27:59 2025
// Copyright 2014-2022 Synopsys, Inc. All rights reserved.
// darts -I/usr/xilinx/Vitis/2023.2/aietools/data/aie_ml/lib -d -h -I/usr/xilinx/Vitis/2023.2/aietools/include -I/usr/xilinx/Vitis/2023.2/aietools/data/aie_ml/lib/runtime_cxx/libcxx-lite/include -I/usr/xilinx/Vitis/2023.2/aietools/data/aie_ml/lib/runtime_cxx/libs/libcxx-9.0.0/include-lite -I/usr/xilinx/Vitis/2023.2/aietools/data/aie_ml/lib/runtime/include -I/usr/xilinx/Vitis/2023.2/aietools/tps/boost_1_64_0 -D__AIENGINE__ -D__AIE_ARCH__=20 -D__AIEARCH__=20 -D__tct_tgt__=230622 -L +Ihex +nanno mm.o me

// Release: ipp U-2022.12-TGT-230622
.undef global data _ZN12me_primitive11control_satE

.undef global data _ZN12me_primitive11control_rndE

.text_segment_name
.text weak 16 _Z17matmul_vectorizedI8bfloat16S0_Lj16ELj8ELj16ELj4ELj8ELj4EEvPKT_S3_PT0_
.function_start
	     0    0x01 0xe1 0x48 0x00 0x00 0x01 0x98 0x00 0x10 0xbb                                MOVA r5, #15;                                                                             MOVXM p3, #_ZN12me_primitive11control_rndE
	    10    0x60 0x51 0x88 0x00 0x00 0x80 0x07 0x3b 0x28 0xbb                                LDA r6, [p3, #0];                                                                         EVENT #0;                     MOV r0, p7
	    20    0x03 0x81 0x08 0x00 0x30 0xe8 0x26 0x3b 0x28 0xbb                                MOVA r4, #28;                                                                             MOVX r3, #7;                  MOV r1, p6
	    30    0x00 0x00 0x00 0x44 0x00 0x55                                                                                                                                              MOVXM m0, #512
	    36    0xff 0xff 0xe0 0xc0 0x00 0x55                                                                                                                                              MOVXM m1, #-8192
	    42    0x00 0x01                                                                        NOPX
	    44    0x00 0x01                                                                        NOPX
	    46    0x00 0x01                                                                        NOPX
	    48    0x11 0x4a 0x64 0x99                                                                                                                                                        AND r5, r5, r6
	    52    0x00 0x00 0x00 0x00 0x00 0x0a 0xc1 0x00 0x00 0x00 0x01 0x37                      NOPA;                         NOPB;                         NOPS;                         MOVX crRnd, r5
.label TGT_F_Z17matmul_vectorizedI8bfloat16S0_Lj16ELj8ELj16ELj4ELj8ELj4EEvPKT_S3_PT0__64
.loop_nesting 1
	    64    0x08 0x30 0x10 0x00 0x90 0xc9 0x98 0x3b 0x28 0xbb                                VLDA amll0, [p0], #1024;                                                                  MOVX r9, #6;                  MOV p3, p0
	    74    0x03 0x2c 0x29 0x80 0x76 0x45                                                                                  VLDB wh0, [p3, #32];                                                                      MOV r6, p0
	    80    0x60 0xb0 0x3a 0x07 0x10 0x03 0x1a 0x3b 0x2e 0xbb                                VLDA wl0, [p3], #64;          PADDB [p2], #32;                                                                          MOV p6, p2
.noswbrkpt
	    90    0x20 0xd1 0xfb 0x2c 0x68 0x00 0xe3 0x3b 0x2e 0xbb                                VLDA wh3, [p1, #32];          VLDB wh1, [p3, #32];                                                                      MOV r7, p3
.nohwbrkpt
.noswbrkpt
	   100    0x68 0x30 0xb9 0x44 0x76 0x4d                                                    VLDA wl1, [p3], #1024;                                                                                                  MOV r5, p2
.nohwbrkpt
.noswbrkpt
	   106    0x03 0x2d 0xea 0x06 0x76 0x45                                                                                  VLDB wh7, [p3, #32];                                                                      MOV r8, p3
.nohwbrkpt
.noswbrkpt
	   112    0x03 0x41 0x9d 0xd9                                                              VLDA wl7, [p3], #1024
.nohwbrkpt
.noswbrkpt
	   116    0x00 0x01                                                                        NOPX
.nohwbrkpt
.noswbrkpt
	   118    0x00 0x01                                                                        NOPX
.nohwbrkpt
.noswbrkpt
	   120    0x00 0x01                                                                        NOPX
.nohwbrkpt
.noswbrkpt
	   122    0x00 0x01                                                                        NOPX
.nohwbrkpt
.noswbrkpt
	   124    0x24 0x31 0xb8 0x32 0x76 0x4d                                                    VLDA wl3, [p1], #512;                                                                                                   MOV p0, p1
.nohwbrkpt
.noswbrkpt
	   130    0x01 0x2c 0xad 0x32 0x76 0x45                                                                                  VLDB wh2, [p1, #32];                                                                      MOV p5, p1
.nohwbrkpt
.noswbrkpt
	   136    0x3d 0x24 0x88 0x19                                                                                            VLDB wl2, [p5], #64
.nohwbrkpt
.noswbrkpt
	   140    0x38 0x26 0x08 0x19                                                                                            VLDB wl8, [p0], #64
.nohwbrkpt
.noswbrkpt
	   144    0x05 0xb5 0x00 0x00 0x00 0x00 0x00 0x00 0x00 0x03 0x9a 0x3b 0x28 0x00 0x03 0xc0  NOPA;                         VLDB wh6, [p0, #32];          NOPS;                         NOPX;                         MOV p7, p2;                             NOPV
.label TGT_F_Z17matmul_vectorizedI8bfloat16S0_Lj16ELj8ELj16ELj4ELj8ELj4EEvPKT_S3_PT0__160
.loop_nesting 2
.nohwbrkpt
.noswbrkpt
	   160    0x41 0x10 0x00 0x25 0x88 0x00 0x08 0xaa 0x1e 0x3b 0x28 0xb7                      VLDA.CONV.fp32.bf16 bml0, [p2], m0;VLDB wl6, [p0], #64;                                   MOVX lc, #5;                  MOV p4, p6
.nohwbrkpt
.noswbrkpt
	   172    0x41 0x90 0x42 0x84 0x76 0x4d                                                    VLDA.CONV.fp32.bf16 bmh0, [p2, #0];                                                                                     MOV r10, p2
.nohwbrkpt
.noswbrkpt
	   178    0xc1 0x10 0x82 0x33 0x16 0x4d                                                    VLDA.CONV.fp32.bf16 bml1, [p6], m0;                                                                                     MOV p2, r6
.nohwbrkpt
.noswbrkpt
	   184    0xc1 0x90 0xc2 0x2d 0x28 0x00 0x00 0x00 0x38 0x88 0x10 0xb7                      VLDA.CONV.fp32.bf16 bmh1, [p6, #0];VLDB wh4, [p2, #32];                                   MOVXM ls, #(ZLS_F_Z17matmul_vectorizedI8bfloat16S0_Lj16ELj8ELj16ELj4ELj8ELj4EEvPKT_S3_PT0__272 + 0)
.nohwbrkpt
.noswbrkpt
	   196    0x48 0x32 0x38 0x00 0x00 0x02 0x38 0xa0 0x10 0xbb                                VLDA wl4, [p2], #1024;                                                                    MOVXM le, #(ZLE_F_Z17matmul_vectorizedI8bfloat16S0_Lj16ELj8ELj16ELj4ELj8ELj4EEvPKT_S3_PT0__320 + 0)
.nohwbrkpt
.noswbrkpt
	   206    0xa0 0xd2 0xf8 0x04 0x20 0x04 0xc0 0x63                                          VLDA wh5, [p5, #32];                                                                                                                                            VMAC.f bml0, bml0, x1, x3, r4
.nohwbrkpt
.noswbrkpt
	   214    0x05 0x25 0x48 0x00 0x20 0x44 0x82 0x63                                                                        VLDB wl5, [p5], #64;                                                                                                              VMAC.f bmh0, bmh0, x1, x2, r4
.nohwbrkpt
.noswbrkpt
	   222    0x00 0xd3 0x7a 0x2d 0x28 0x1d 0x20 0x80 0xc4 0x4b                                VLDA wh6, [p0, #32];          VLDB wh4, [p2, #32];                                                                                                              VMAC.f bml1, bml1, x0, x3, r4
.nohwbrkpt
.noswbrkpt
	   232    0x48 0x32 0x38 0x25 0x88 0x1d 0x20 0xc0 0x86 0x4b                                VLDA wl4, [p2], #1024;        VLDB wl6, [p0], #64;                                                                                                              VMAC.f bmh1, bmh1, x0, x2, r4
.nohwbrkpt
.noswbrkpt
	   242    0xa0 0xd2 0xfb 0x2d 0xe8 0x7d                                                    VLDA wh5, [p5, #32];          VLDB wh7, [p3, #32]
.nohwbrkpt
.noswbrkpt
	   248    0x68 0x33 0xbd 0x25 0x48 0x00 0x00 0x33                                          VLDA wl7, [p3], #1024;        VLDB wl5, [p5], #64;          NOPS
.nohwbrkpt
.noswbrkpt
	   256    0x00 0x00 0x00 0x00 0x00 0x00 0x00 0x00 0x00 0x00 0x00 0x03 0x89 0x04 0x8c 0x22  NOPA;                         NOPB;                         NOPS;                         NOPX;                         NOPM;                                   VMAC.f bml1, bml1, x4, x6, r4
.label ZLS_F_Z17matmul_vectorizedI8bfloat16S0_Lj16ELj8ELj16ELj4ELj8ELj4EEvPKT_S3_PT0__272
.loop_nesting 3
.begin_of_loop
.nohwbrkpt
.noswbrkpt
	   272    0x00 0xd3 0x7a 0x2d 0x28 0x1d 0x20 0x1d 0x80 0x4b                                VLDA wh6, [p0, #32];          VLDB wh4, [p2, #32];                                                                                                              VMAC.f bml0, bml0, x7, x6, r4
.nohwbrkpt
.noswbrkpt
	   282    0x48 0x32 0x38 0x25 0x88 0x1d 0x20 0xd1 0x46 0x4b                                VLDA wl4, [p2], #1024;        VLDB wl6, [p0], #64;                                                                                                              VMAC.f bmh1, bmh1, x4, x5, r4
.nohwbrkpt
.noswbrkpt
	   292    0xa0 0xd2 0xfb 0x2d 0xe8 0x00 0x00 0x0e 0x20 0x5d 0x42 0x67                      VLDA wh5, [p5, #32];          VLDB wh7, [p3, #32];          NOPS;                                                                                               VMAC.f bmh0, bmh0, x7, x5, r4
.nohwbrkpt
.noswbrkpt
	   304    0xa4 0xa9 0x68 0x33 0xb8 0x00 0x00 0x00 0x00 0x00 0x00 0x03 0x89 0x04 0x8c 0x22  VLDA wl7, [p3], #1024;        VLDB wl5, [p5], #64;          NOPS;                         NOPX;                         NOPM;                                   VMAC.f bml1, bml1, x4, x6, r4
.label ZLE_F_Z17matmul_vectorizedI8bfloat16S0_Lj16ELj8ELj16ELj4ELj8ELj4EEvPKT_S3_PT0__320
.end_of_loop
.nohwbrkpt
.noswbrkpt
	   320    0x00 0x00 0x00 0x00 0x00 0x00 0x00 0x00 0x00 0x00 0x00 0x03 0x88 0x00 0x03 0xc0  NOPA;                         NOPB;                         NOPS;                         NOPX;                         NOPM;                                   NOPV
.loop_nesting 2
.nohwbrkpt
.noswbrkpt
	   336    0x01 0x43 0x12 0x35 0x16 0x46 0x20 0x1d 0x80 0x4b                                                              PADDB [p1], #512;                                                                         MOV p2, r10;                            VMAC.f bml0, bml0, x7, x6, r4
.nohwbrkpt
.noswbrkpt
	   346    0x25 0x9d 0x00 0x00 0x00 0x30 0xa0 0x2a 0x20 0xd1 0x46 0x67                                                    VLDB wh3, [p1, #32];                                        MOVXM p0, #(TGT_F_Z17matmul_vectorizedI8bfloat16S0_Lj16ELj8ELj16ELj4ELj8ELj4EEvPKT_S3_PT0__160 + 0);VMAC.f bmh1, bmh1, x4, x5, r4
.nohwbrkpt
.noswbrkpt
	   358    0x03 0x34 0x16 0x46 0x20 0x5d 0x42 0x63                                                                                                                                                                  MOV p3, r8;                             VMAC.f bmh0, bmh0, x7, x5, r4
.nohwbrkpt
.noswbrkpt
	   366    0x03 0x2d 0xe8 0x00 0x20 0x91 0x84 0x63                                                                        VLDB wh7, [p3, #32];                                                                                                              VMAC.f bml1, bml1, x4, x6, r4
.nohwbrkpt
.noswbrkpt
	   374    0x03 0x41 0x9d 0xd9                                                              VLDA wl7, [p3], #1024
.nohwbrkpt
.noswbrkpt
	   378    0x20 0x1d 0x80 0x49                                                                                                                                                                                                                              VMAC.f bml0, bml0, x7, x6, r4
.nohwbrkpt
.noswbrkpt
	   382    0x20 0x5d 0x42 0x49                                                                                                                                                                                                                              VMAC.f bmh0, bmh0, x7, x5, r4
.nohwbrkpt
.noswbrkpt
	   386    0x20 0xd1 0x46 0x49                                                                                                                                                                                                                              VMAC.f bmh1, bmh1, x4, x5, r4
.nohwbrkpt
.noswbrkpt
	   390    0x12 0x52 0x0c 0x19                                                                                                                                                        JNZD r9, r9, p0
.delay_slot
.nohwbrkpt
.noswbrkpt
	   394    0x24 0x31 0xbc 0x0d 0x05 0xc0 0x19 0x3b 0x22 0xbb                                VLDA wl3, [p1], #512;                                       VST.CONV.bf16.fp32 bml1, [p4, #0];                          MOV p0, p1
.delay_slot
.nohwbrkpt
.noswbrkpt
	   404    0x01 0x2c 0xad 0x32 0x76 0x45                                                                                  VLDB wh2, [p1, #32];                                                                      MOV p5, p1
.delay_slot
.nohwbrkpt
.noswbrkpt
	   410    0x0d 0x24 0x8f 0x0d 0x01 0xc5                                                                                  VLDB wl2, [p5], #64;          VST.CONV.bf16.fp32 bml0, [p7, #0]
.delay_slot
.nohwbrkpt
.noswbrkpt
	   416    0x08 0x26 0x0a 0x09 0x03 0xc5                                                                                  VLDB wl8, [p0], #64;          VST.CONV.bf16.fp32 bmh0, [p2], m0
.delay_slot
.nohwbrkpt
.noswbrkpt
	   422    0x00 0xd3 0x7e 0x09 0x07 0xc3 0x9a 0x3b 0x22 0xbb                                VLDA wh6, [p0, #32];                                        VST.CONV.bf16.fp32 bmh1, [p6], m0;                          MOV p7, p2
.loop_nesting 1
.nohwbrkpt
.noswbrkpt
	   432    0x41 0x10 0x00 0x25 0x88 0x00 0x08 0xaa 0x1e 0x3b 0x28 0xb7                      VLDA.CONV.fp32.bf16 bml0, [p2], m0;VLDB wl6, [p0], #64;                                   MOVX lc, #5;                  MOV p4, p6
.nohwbrkpt
.noswbrkpt
	   444    0x41 0x90 0x42 0x84 0x76 0x4d                                                    VLDA.CONV.fp32.bf16 bmh0, [p2, #0];                                                                                     MOV r10, p2
.nohwbrkpt
.noswbrkpt
	   450    0xc1 0x10 0x82 0x33 0x16 0x4d                                                    VLDA.CONV.fp32.bf16 bml1, [p6], m0;                                                                                     MOV p2, r6
.nohwbrkpt
.noswbrkpt
	   456    0xc1 0x90 0xc2 0x2d 0x28 0x00 0x00 0x00 0x39 0x10 0x10 0xb7                      VLDA.CONV.fp32.bf16 bmh1, [p6, #0];VLDB wh4, [p2, #32];                                   MOVXM ls, #(ZLS_F_Z17matmul_vectorizedI8bfloat16S0_Lj16ELj8ELj16ELj4ELj8ELj4EEvPKT_S3_PT0__544 + 0)
.nohwbrkpt
.noswbrkpt
	   468    0x48 0x32 0x38 0x00 0x00 0x02 0x39 0x28 0x10 0xbb                                VLDA wl4, [p2], #1024;                                                                    MOVXM le, #(ZLE_F_Z17matmul_vectorizedI8bfloat16S0_Lj16ELj8ELj16ELj4ELj8ELj4EEvPKT_S3_PT0__592 + 0)
.nohwbrkpt
.noswbrkpt
	   478    0x05 0x2d 0x68 0x00 0x20 0x04 0xc0 0x63                                                                        VLDB wh5, [p5, #32];                                                                                                              VMAC.f bml0, bml0, x1, x3, r4
.nohwbrkpt
.noswbrkpt
	   486    0x05 0x25 0x48 0x00 0x20 0x44 0x82 0x63                                                                        VLDB wl5, [p5], #64;                                                                                                              VMAC.f bmh0, bmh0, x1, x2, r4
.nohwbrkpt
.noswbrkpt
	   494    0x00 0xd3 0x7a 0x2d 0x28 0x1d 0x20 0x80 0xc4 0x4b                                VLDA wh6, [p0, #32];          VLDB wh4, [p2, #32];                                                                                                              VMAC.f bml1, bml1, x0, x3, r4
.nohwbrkpt
.noswbrkpt
	   504    0x48 0x32 0x38 0x25 0x88 0x1d 0x20 0xc0 0x86 0x4b                                VLDA wl4, [p2], #1024;        VLDB wl6, [p0], #64;                                                                                                              VMAC.f bmh1, bmh1, x0, x2, r4
.nohwbrkpt
.noswbrkpt
	   514    0xa0 0xd2 0xfb 0x2d 0xe8 0x7d                                                    VLDA wh5, [p5, #32];          VLDB wh7, [p3, #32]
.nohwbrkpt
.noswbrkpt
	   520    0x68 0x33 0xbd 0x25 0x48 0x00 0x00 0x33                                          VLDA wl7, [p3], #1024;        VLDB wl5, [p5], #64;          NOPS
.nohwbrkpt
.noswbrkpt
	   528    0x00 0x00 0x00 0x00 0x00 0x00 0x00 0x00 0x00 0x00 0x00 0x03 0x89 0x04 0x8c 0x22  NOPA;                         NOPB;                         NOPS;                         NOPX;                         NOPM;                                   VMAC.f bml1, bml1, x4, x6, r4
.label ZLS_F_Z17matmul_vectorizedI8bfloat16S0_Lj16ELj8ELj16ELj4ELj8ELj4EEvPKT_S3_PT0__544
.loop_nesting 2
.begin_of_loop
.nohwbrkpt
.noswbrkpt
	   544    0x00 0xd3 0x7a 0x2d 0x28 0x1d 0x20 0x1d 0x80 0x4b                                VLDA wh6, [p0, #32];          VLDB wh4, [p2, #32];                                                                                                              VMAC.f bml0, bml0, x7, x6, r4
.nohwbrkpt
.noswbrkpt
	   554    0x48 0x32 0x38 0x25 0x88 0x1d 0x20 0xd1 0x46 0x4b                                VLDA wl4, [p2], #1024;        VLDB wl6, [p0], #64;                                                                                                              VMAC.f bmh1, bmh1, x4, x5, r4
.nohwbrkpt
.noswbrkpt
	   564    0xa0 0xd2 0xfb 0x2d 0xe8 0x00 0x00 0x0e 0x20 0x5d 0x42 0x67                      VLDA wh5, [p5, #32];          VLDB wh7, [p3, #32];          NOPS;                                                                                               VMAC.f bmh0, bmh0, x7, x5, r4
.nohwbrkpt
.noswbrkpt
	   576    0xa4 0xa9 0x68 0x33 0xb8 0x00 0x00 0x00 0x00 0x00 0x00 0x03 0x89 0x04 0x8c 0x22  VLDA wl7, [p3], #1024;        VLDB wl5, [p5], #64;          NOPS;                         NOPX;                         NOPM;                                   VMAC.f bml1, bml1, x4, x6, r4
.label ZLE_F_Z17matmul_vectorizedI8bfloat16S0_Lj16ELj8ELj16ELj4ELj8ELj4EEvPKT_S3_PT0__592
.end_of_loop
.nohwbrkpt
.noswbrkpt
	   592    0x00 0x00 0x00 0x00 0x00 0x00 0x00 0x00 0x00 0x00 0x00 0x03 0x88 0x00 0x03 0xc0  NOPA;                         NOPB;                         NOPS;                         NOPX;                         NOPM;                                   NOPV
.loop_nesting 1
.nohwbrkpt
.noswbrkpt
	   608    0x20 0x1d 0x80 0x49                                                                                                                                                                                                                              VMAC.f bml0, bml0, x7, x6, r4
.nohwbrkpt
.noswbrkpt
	   612    0x20 0xd1 0x46 0x49                                                                                                                                                                                                                              VMAC.f bmh1, bmh1, x4, x5, r4
.nohwbrkpt
.noswbrkpt
	   616    0x20 0x5d 0x42 0x49                                                                                                                                                                                                                              VMAC.f bmh0, bmh0, x7, x5, r4
	   620    0x20 0x91 0x84 0x49                                                                                                                                                                                                                              VMAC.f bml1, bml1, x4, x6, r4
	   624    0x00 0x01                                                                        NOPX
	   626    0x20 0xd1 0x46 0x49                                                                                                                                                                                                                              VMAC.f bmh1, bmh1, x4, x5, r4
	   630    0x20 0x1d 0x80 0x49                                                                                                                                                                                                                              VMAC.f bml0, bml0, x7, x6, r4
	   634    0x20 0x5d 0x42 0x49                                                                                                                                                                                                                              VMAC.f bmh0, bmh0, x7, x5, r4
	   638    0x00 0x01                                                                        NOPX
	   640    0x0c 0x0d 0x05 0xd9                                                                                                                          VST.CONV.bf16.fp32 bml1, [p4, #0]
	   644    0x00 0x01                                                                        NOPX
	   646    0x0e 0x09 0x07 0xd9                                                                                                                          VST.CONV.bf16.fp32 bmh1, [p6], m0
	   650    0x00 0x00 0x0c 0x60 0x80 0x55                                                                                                                                              MOVXM p6, #(TGT_F_Z17matmul_vectorizedI8bfloat16S0_Lj16ELj8ELj16ELj4ELj8ELj4EEvPKT_S3_PT0__64 + 0)
	   656    0x10 0xc7 0x8c 0x19                                                                                                                                                        JNZD r3, r3, p6
.delay_slot
	   660    0x00 0x00 0x00 0x61 0x40 0x55                                                                                                                                              MOVXM p0, #(TGT_F_Z17matmul_vectorizedI8bfloat16S0_Lj16ELj8ELj16ELj4ELj8ELj4EEvPKT_S3_PT0__160 + 0)
.delay_slot
	   666    0xe1 0xa0 0x38 0x01 0x1a 0x8b 0x20 0x03                                                                                                      VST.CONV.bf16.fp32 bml0, [p7, #0];                          MOV p2, r10
.delay_slot
	   674    0x41 0x20 0x78 0x00 0x19 0xcb 0x20 0x03                                                                                                      VST.CONV.bf16.fp32 bmh0, [p2], m0;                          MOV p0, r7
.delay_slot
	   682    0x01 0x43 0x12 0x32 0x96 0x45                                                                                  PADDB [p1], #512;                                                                         MOV p2, r5
.delay_slot
	   688    0x25 0x06 0x32 0x07 0x10 0x04 0x33 0x41 0x9a 0x0b 0x20 0xf7                      PADDA [p1], m1;               PADDB [p2], #32;              PADDS [p0], #64;                                            MOV p3, r8
.loop_nesting 0
	   700    0x10 0x00 0x18 0x19                                                                                                                                                        RET lr
.delay_slot
	   704    0x1f 0x30 0x16 0x59                                                                                                                                                                                      MOV p7, r0
.delay_slot
	   708    0x00 0x10 0x00 0x83 0x18 0x4b 0x28 0x43                                                                                                                                    EVENT #1;                     MOV p6, r1
.delay_slot
.swstall delay_slot
	   716    0x00 0x01                                                                        NOPX
.delay_slot
.swstall delay_slot
	   718    0x00 0x01                                                                        NOPX
.label _Z17matmul_vectorizedI8bfloat16S0_Lj16ELj8ELj16ELj4ELj8ELj4EEvPKT_S3_PT0___end last
.delay_slot
.swstall delay_slot
	   720    0x00 0x00 0x00 0x00 0x00 0x00 0x00 0x00 0x00 0x00 0x00 0x03 0x88 0x00 0x03 0xc0  NOPA;                         NOPB;                         NOPS;                         NOPX;                         NOPM;                                   NOPV

.undef global data _ZN12me_primitive11control_rndE

.text_segment_name
.text global 10 matmul_bf16_bf16
.tail_call
.function_start
	     0    0x00 0x00 0x00 0x00 0x00 0x95                                                                                                                                              J #_Z17matmul_vectorizedI8bfloat16S0_Lj16ELj8ELj16ELj4ELj8ELj4EEvPKT_S3_PT0_
.delay_slot
.swstall delay_slot
	     6    0x00 0x01                                                                        NOPX
.delay_slot
.swstall delay_slot
	     8    0x00 0x01                                                                        NOPX
.delay_slot
.swstall delay_slot
	    10    0x00 0x01                                                                        NOPX
.delay_slot
.swstall delay_slot
	    12    0x00 0x01                                                                        NOPX
.label matmul_bf16_bf16__end last
.delay_slot
.swstall delay_slot
	    14    0x00 0x01                                                                        NOPX

.undef global text _Z17matmul_vectorizedI8bfloat16S0_Lj16ELj8ELj16ELj4ELj8ELj4EEvPKT_S3_PT0_

.text_segment_name
.text global 10 linalg_fill_bf16_view16x16x4x4xbf16as2
.function_start
	     0    0x00 0x07 0x48 0x00 0x00 0x00 0x98 0x00 0x10 0xbb                                MOVA r29, #0;                                                                             MOVXM p1, #_ZN12me_primitive11control_rndE
	    10    0x20 0x56 0x48 0x01 0x80 0x09 0x18 0x3b 0x28 0xbb                                LDA r25, [p1, #0];                                                                        MOVX r24, #0;                 MOV p2, p0
	    20    0x01 0xe6 0x88 0x00 0x00 0x08 0x10 0x00 0x10 0xbb                                MOVA r26, #15;                                                                            MOVXM m0, #8192
	    30    0x18 0x4c 0x0e 0x39                                                                                                                                                                                      VINSERT.32 x0, x1, r29, r24
	    34    0x02 0x0b 0x09 0x34 0x76 0x45                                                                                  PADDB [p2], m0;                                                                           MOV p1, p2
	    40    0x1e 0x04 0x76 0x59                                                                                                                                                                                      MOV r24, p2
	    44    0xff 0xff 0xee 0x00 0x80 0x55                                                                                                                                              MOVXM r28, #-8128
	    50    0x18 0x2c 0x06 0xd9                                                                                                                                                                                      VMOV bml0, x0
	    54    0x16 0x75 0xa4 0x99                                                                                                                                                        AND r26, r25, r26
	    58    0x00 0x39 0xac 0x05 0x8e 0x8b 0x28 0x43                                                                                                                                    ADD r26, r28, r24;            MOV crRnd, r26
	    66    0x10 0x00 0x3e 0xb9 0x8b 0xbd                                                                                                                VCONV.bf16.fp32 wl1, bml0;    GEU r28, r26, r24
	    72    0xe0 0x00 0xa0 0x40 0x01 0x95                                                                                                                                              JNZ r28, #TGT_Flinalg_fill_bf16_view16x16x4x4xbf16as2_320
.delay_slot
	    78    0x00 0x01 0x30 0x08 0x04 0xcb 0x28 0x43                                                                                                                                    MOVX r19, #0;                 MOV r0, r19
.delay_slot
	    86    0x1e 0x87 0x8e 0xb9                                                                                                                                                                                      VEXTRACT.s16 r26, x1, r19
.delay_slot
	    90    0x38 0x0b 0x10 0x19                                                                                            PADDB [p0], #64
.delay_slot
	    94    0x1e 0x40 0x76 0x59                                                                                                                                                                                      MOV r25, p0
.delay_slot
	    98    0x18 0x2d 0x07 0xb9                                                                                                                                                                                      VBCST.16 x0, r26
	   102    0xff 0x47 0x08 0x31 0xec 0x8c 0x98 0x3b 0x28 0xbb                                MOVA r28, #-6;                                                                            SUB r30, r24, r25;            MOV p1, p0
	   112    0x00 0x26 0x48 0x0b 0x17 0xbf 0xff 0x23 0x07 0x65 0x3f 0x86 0x68 0x7f            MOVA r25, #1;                 PADDB [p0], #64;              PADDS [p1], #-64;             ADD r31, r30, #-1;            MOV p2, p0
	   126    0x00 0x3f 0xce 0x77 0xc0 0x3b 0x28 0x43                                                                                                                                    ASHL r28, r31, r28;           MOV r30, p0
	   134    0x00 0x3d 0xbc 0x67 0x87 0x03 0x78 0x43                                                                                                                                    LTU r27, r30, r24;            ADD.NC r28, r28, #1
	   142    0x00 0x33 0xce 0x30 0x0e 0x03 0xa8 0x43                                                                                                                                    SEL.EQZ r28, r25, r28, r27;   VMOV amll0, wl0
	   150    0x00 0x00 0x00 0xe2 0x00 0x55                                                                                                                                              MOVXM ls, #(ZLS_Flinalg_fill_bf16_view16x16x4x4xbf16as2_256 + 0)
	   156    0x00 0x00 0x08 0xe2 0x20 0x55                                                                                                                                              MOVXM le, #(ZLE_Flinalg_fill_bf16_view16x16x4x4xbf16as2_272 + 0)
	   162    0x00 0x00 0x00 0x00 0x00 0x00 0x00 0x6b 0xf0 0xb2 0x00 0x00 0x78 0x2f            NOPA;                                                       NOPS;                                                       MOV lc, r28;                            NOPV
	   176    0x00 0x00 0x00 0x00 0x00 0x00 0x00 0x00 0x00 0x00 0x00 0x03 0x88 0x00 0x03 0xc0  NOPA;                         NOPB;                         NOPS;                         NOPX;                         NOPM;                                   NOPV
	   192    0x00 0x00 0x00 0x00 0x00 0x00 0x00 0x00 0x00 0x00 0x00 0x03 0x88 0x00 0x03 0xc0  NOPA;                         NOPB;                         NOPS;                         NOPX;                         NOPM;                                   NOPV
	   208    0x00 0x00 0x00 0x00 0x00 0x00 0x00 0x00 0x00 0x00 0x00 0x03 0x88 0x00 0x03 0xc0  NOPA;                         NOPB;                         NOPS;                         NOPX;                         NOPM;                                   NOPV
	   224    0x00 0x00 0x00 0x00 0x00 0x00 0x00 0x00 0x00 0x00 0x00 0x03 0x88 0x00 0x03 0xc0  NOPA;                         NOPB;                         NOPS;                         NOPX;                         NOPM;                                   NOPV
	   240    0x00 0x00 0x00 0x00 0x00 0x00 0x00 0x00 0x00 0x00 0x00 0x03 0x88 0x00 0x03 0xc0  NOPA;                         NOPB;                         NOPS;                         NOPX;                         NOPM;                                   NOPV
.label ZLS_Flinalg_fill_bf16_view16x16x4x4xbf16as2_256
.loop_nesting 1
.begin_of_loop
	   256    0x00 0x00 0x00 0x00 0x01 0x06 0x83 0xc0 0x00 0x00 0x00 0x03 0x88 0x00 0x03 0xc0  NOPA;                         NOPB;                         VST wh0, [p1, #32];           NOPX;                         NOPM;                                   NOPV
.label ZLE_Flinalg_fill_bf16_view16x16x4x4xbf16as2_272
.end_of_loop
	   272    0x41 0x62 0x00 0x00 0x01 0x02 0x80 0x40 0x00 0x00 0x9a 0x3b 0x28 0x00 0x03 0xc0  NOPA;                         PADDB [p2], #64;              VST amll0, [p1, #0];          NOPX;                         MOV p1, p2;                             NOPV
.loop_nesting 0
	   288    0x00 0x00 0xa8 0x00 0x00 0x95                                                                                                                                              J #TGT_Flinalg_fill_bf16_view16x16x4x4xbf16as2_336
.delay_slot
	   294    0x1f 0x02 0x76 0x59                                                                                                                                                                                      MOV r28, p1
.delay_slot
.swstall delay_slot
	   298    0x00 0x01                                                                        NOPX
.delay_slot
.swstall delay_slot
	   300    0x00 0x01                                                                        NOPX
.delay_slot
.swstall delay_slot
	   302    0x00 0x01                                                                        NOPX
.delay_slot
.swstall delay_slot
	   304    0x00 0x00 0x00 0x00 0x00 0x00 0x00 0x00 0x00 0x00 0x00 0x03 0x88 0x00 0x03 0xc0  NOPA;                         NOPB;                         NOPS;                         NOPX;                         NOPM;                                   NOPV
.label TGT_Flinalg_fill_bf16_view16x16x4x4xbf16as2_320
	   320    0x00 0x00 0x00 0x00 0x00 0x00 0x00 0x01 0x90 0x2b 0x81 0x3b 0x28 0x00 0x03 0xc0  NOPA;                         NOPB;                         NOPS;                         MOVX r25, #1;                 MOV r28, p1;                            NOPV
.label TGT_Flinalg_fill_bf16_view16x16x4x4xbf16as2_336
	   336    0x17 0x3d 0x8b 0x99                                                                                                                                                        GEU r30, r28, r24
	   340    0xf0 0x01 0x08 0x40 0x01 0x95                                                                                                                                              JNZ r30, #TGT_Flinalg_fill_bf16_view16x16x4x4xbf16as2_528
.delay_slot
.swstall delay_slot
	   346    0x00 0x01                                                                        NOPX
.delay_slot
.swstall delay_slot
	   348    0x00 0x01                                                                        NOPX
.delay_slot
.swstall delay_slot
	   350    0x00 0x01                                                                        NOPX
.delay_slot
.swstall delay_slot
	   352    0x00 0x01                                                                        NOPX
.delay_slot
.swstall delay_slot
	   354    0x00 0x01                                                                        NOPX
	   356    0xff 0xe7 0xc8 0x31 0xee 0x0f 0x87 0x03 0xb8 0xbb                                MOVA r31, #-1;                                                                            SUB r30, r24, r28;            ADD.NC r28, r28, #2
	   366    0x00 0x39 0xbc 0x67 0x07 0xbf 0xf8 0x43                                                                                                                                    LTU r27, r28, r24;            ADD.NC r24, r30, #-1
	   374    0x16 0x31 0xfe 0x99                                                                                                                                                        ASHL r24, r24, r31
	   378    0x1e 0x0c 0x06 0xf9                                                                                                                                                                                      ADD.NC r24, r24, #1
	   382    0x16 0x71 0x86 0x19                                                                                                                                                        SEL.EQZ r24, r25, r24, r27
	   386    0x00 0x00 0x00 0xe3 0x40 0x55                                                                                                                                              MOVXM ls, #(ZLS_Flinalg_fill_bf16_view16x16x4x4xbf16as2_416 + 0)
	   392    0x00 0x00 0x00 0x02 0x39 0x00 0x10 0x43                                                                                                                                    MOVXM le, #(ZLE_Flinalg_fill_bf16_view16x16x4x4xbf16as2_512 + 0)
	   400    0x00 0x00 0x00 0x00 0x00 0x00 0x00 0x00 0x00 0x02 0xbe 0x0b 0x28 0x00 0x03 0xc0  NOPA;                         NOPB;                         NOPS;                         NOPX;                         MOV lc, r24;                            NOPV
.label ZLS_Flinalg_fill_bf16_view16x16x4x4xbf16as2_416
.loop_nesting 1
.begin_of_loop
	   416    0x00 0x00 0x24 0xe6 0x80 0x00 0x00 0x00 0x00 0x00 0x00 0x03 0x88 0x00 0x03 0xc0  ST.s16 r26, [p1], #2;         NOPB;                         NOPS;                         NOPX;                         NOPM;                                   NOPV
	   432    0x00 0x00 0x00 0x00 0x00 0x00 0x00 0x00 0x00 0x00 0x00 0x03 0x88 0x00 0x03 0xc0  NOPA;                         NOPB;                         NOPS;                         NOPX;                         NOPM;                                   NOPV
	   448    0x00 0x00 0x00 0x00 0x00 0x00 0x00 0x00 0x00 0x00 0x00 0x03 0x88 0x00 0x03 0xc0  NOPA;                         NOPB;                         NOPS;                         NOPX;                         NOPM;                                   NOPV
	   464    0x00 0x00 0x00 0x00 0x00 0x00 0x00 0x00 0x00 0x00 0x00 0x03 0x88 0x00 0x03 0xc0  NOPA;                         NOPB;                         NOPS;                         NOPX;                         NOPM;                                   NOPV
	   480    0x00 0x00 0x00 0x00 0x00 0x00 0x00 0x00 0x00 0x00 0x00 0x03 0x88 0x00 0x03 0xc0  NOPA;                         NOPB;                         NOPS;                         NOPX;                         NOPM;                                   NOPV
	   496    0x00 0x00 0x00 0x00 0x00 0x00 0x00 0x00 0x00 0x00 0x00 0x03 0x88 0x00 0x03 0xc0  NOPA;                         NOPB;                         NOPS;                         NOPX;                         NOPM;                                   NOPV
.label ZLE_Flinalg_fill_bf16_view16x16x4x4xbf16as2_512
.end_of_loop
	   512    0x00 0x00 0x00 0x00 0x00 0x00 0x00 0x00 0x00 0x00 0x00 0x03 0x88 0x00 0x03 0xc0  NOPA;                         NOPB;                         NOPS;                         NOPX;                         NOPM;                                   NOPV
.label TGT_Flinalg_fill_bf16_view16x16x4x4xbf16as2_528
.loop_nesting 0
	   528    0x10 0x00 0x18 0x19                                                                                                                                                        RET lr
.delay_slot
	   532    0x1c 0xc0 0x16 0x59                                                                                                                                                                                      MOV r19, r0
.delay_slot
.swstall delay_slot
	   536    0x00 0x01                                                                        NOPX
.delay_slot
.swstall delay_slot
	   538    0x00 0x01                                                                        NOPX
.delay_slot
.swstall delay_slot
	   540    0x00 0x01                                                                        NOPX
.label linalg_fill_bf16_view16x16x4x4xbf16as2__end last
.delay_slot
.swstall delay_slot
	   542    0x00 0x01                                                                        NOPX

.undef global data _ZN12me_primitive11control_rndE



.direct_eval +,-,(,)
